0 info it worked if it ends with ok
1 verbose cli [ 'C:\\Program Files\\nodejs\\node.exe',
1 verbose cli   'C:\\Program Files\\nodejs\\node_modules\\npm\\bin\\npm-cli.js',
1 verbose cli   'start' ]
2 info using npm@3.10.10
3 info using node@v6.9.5
4 warn invalid config https-proxy=""
5 warn invalid config Must be a full url with 'http://'
6 verbose run-script [ 'prestart', 'start', 'poststart' ]
7 info lifecycle slamjs@0.0.0~prestart: slamjs@0.0.0
8 silly lifecycle slamjs@0.0.0~prestart: no script for prestart, continuing
9 info lifecycle slamjs@0.0.0~start: slamjs@0.0.0
10 verbose lifecycle slamjs@0.0.0~start: unsafe-perm in lifecycle true
11 verbose lifecycle slamjs@0.0.0~start: PATH: C:\Program Files\nodejs\node_modules\npm\bin\node-gyp-bin;C:\Users\BOUGOUFFA\Documents\GitHub\slamjs\node_modules\.bin;C:\Users\BOUGOUFFA\AppData\Roaming\npm;C:\Program Files\nodejs\;C:\Python34\;C:\Python34\Scripts;C:\ProgramData\Oracle\Java\javapath;c:\Program Files (x86)\Intel\iCLS Client\;c:\Program Files\Intel\iCLS Client\;C:\Windows\system32;C:\Windows;C:\Windows\System32\Wbem;C:\Windows\System32\WindowsPowerShell\v1.0\;C:\Program Files\Intel\Intel(R) Management Engine Components\DAL;C:\Program Files\Intel\Intel(R) Management Engine Components\IPT;C:\Program Files (x86)\Intel\Intel(R) Management Engine Components\DAL;C:\Program Files (x86)\Intel\Intel(R) Management Engine Components\IPT;C:\Program Files (x86)\Skype\Phone\;C:\WINDOWS\system32;C:\WINDOWS;C:\WINDOWS\System32\Wbem;C:\WINDOWS\System32\WindowsPowerShell\v1.0\;C:\Program Files (x86)\NVIDIA Corporation\PhysX\Common;C:\WINDOWS\system32;C:\WINDOWS;C:\WINDOWS\System32\Wbem;C:\WINDOWS\System32\WindowsPowerShell\v1.0\;C:\Program Files\nodejs\;C:\Program Files (x86)\Yarn\bin;C:\Program Files\FileBot\;C:\Program Files (x86)\GtkSharp\2.12\bin;C:\Program Files (x86)\Smart Projects\IsoBuster;C:\Users\BOUGOUFFA\AppData\Local\Microsoft\WindowsApps;C:\Users\BOUGOUFFA\AppData\Local\atom\bin;C:\wamp64\bin\php\php7.0.10;C:\wamp64\bin\php\php5.6.25;C:\Program Files\Git\bin;C:\Program Files\Git\cmd;C:\Users\BOUGOUFFA\AppData\Roaming\npm;C:\Users\BOUGOUFFA\AppData\Local\Yarn\.bin;C:\Program Files\MongoDB\Server\3.4\bin;%USERPROFILE%\AppData\Local\Microsoft\WindowsApps;
12 verbose lifecycle slamjs@0.0.0~start: CWD: C:\Users\BOUGOUFFA\Documents\GitHub\slamjs
13 silly lifecycle slamjs@0.0.0~start: Args: [ '/d /s /c', 'node ./bin/www' ]
14 silly lifecycle slamjs@0.0.0~start: Returned: code: 3221225786  signal: null
15 info lifecycle slamjs@0.0.0~start: Failed to exec start script
16 verbose stack Error: slamjs@0.0.0 start: `node ./bin/www`
16 verbose stack Exit status 3221225786
16 verbose stack     at EventEmitter.<anonymous> (C:\Program Files\nodejs\node_modules\npm\lib\utils\lifecycle.js:255:16)
16 verbose stack     at emitTwo (events.js:106:13)
16 verbose stack     at EventEmitter.emit (events.js:191:7)
16 verbose stack     at ChildProcess.<anonymous> (C:\Program Files\nodejs\node_modules\npm\lib\utils\spawn.js:40:14)
16 verbose stack     at emitTwo (events.js:106:13)
16 verbose stack     at ChildProcess.emit (events.js:191:7)
16 verbose stack     at maybeClose (internal/child_process.js:877:16)
16 verbose stack     at Process.ChildProcess._handle.onexit (internal/child_process.js:226:5)
17 verbose pkgid slamjs@0.0.0
18 verbose cwd C:\Users\BOUGOUFFA\Documents\GitHub\slamjs
19 error Windows_NT 10.0.16299
20 error argv "C:\\Program Files\\nodejs\\node.exe" "C:\\Program Files\\nodejs\\node_modules\\npm\\bin\\npm-cli.js" "start"
21 error node v6.9.5
22 error npm  v3.10.10
23 error code ELIFECYCLE
24 error slamjs@0.0.0 start: `node ./bin/www`
24 error Exit status 3221225786
25 error Failed at the slamjs@0.0.0 start script 'node ./bin/www'.
25 error Make sure you have the latest version of node.js and npm installed.
25 error If you do, this is most likely a problem with the slamjs package,
25 error not with npm itself.
25 error Tell the author that this fails on your system:
25 error     node ./bin/www
25 error You can get information on how to open an issue for this project with:
25 error     npm bugs slamjs
25 error Or if that isn't available, you can get their info via:
25 error     npm owner ls slamjs
25 error There is likely additional logging output above.
26 verbose exit [ 1, true ]
